<?xml version="1.0" encoding="UTF-8"?>
<!-- Generated by org.testng.reporters.JUnitReportReporter -->
<testsuite skipped="0" hostname="Abhays-MacBook-Pro.local" name="com.abkus1.training.jenkins.SampleSeleniumTest" tests="1" failures="0" timestamp="04 May 2020 06:03:42 GMT" time="9.329" errors="0">
  <testcase name="validateGoogleId" time="9.329" classname="com.abkus1.training.jenkins.SampleSeleniumTest"/>
</testsuite> <!-- com.abkus1.training.jenkins.SampleSeleniumTest -->
